<?xml version="1.0" encoding="UTF-8"?>
<!-- Generated by org.testng.reporters.JUnitXMLReporter -->
<testsuite ignored="0" hostname="DESKTOP-J6UU3F5" failures="0" tests="4" name="Default test" time="13.621" errors="0" timestamp="2022-06-30T02:58:53 IST">
  <testcase classname="DynamicWebTable" name="FindFirstRow" time="0.051"/>
  <testcase classname="DynamicWebTable" name="GetAllTheValuesOfTable" time="2.491"/>
  <testcase classname="DynamicWebTable" name="countRoWsAndColumn" time="0.053"/>
  <testcase classname="DynamicWebTable" name="getMaxCurrentPrice" time="0.622"/>
</testsuite> <!-- Default test -->
