<?xml version="1.0" encoding="UTF-8"?>
<testng-results ignored="0" total="4" passed="4" failed="0" skipped="0">
  <reporter-output>
  </reporter-output>
  <suite started-at="2022-06-30T02:58:39 IST" name="Default suite" finished-at="2022-06-30T02:58:53 IST" duration-ms="13621">
    <groups>
    </groups>
    <test started-at="2022-06-30T02:58:39 IST" name="Default test" finished-at="2022-06-30T02:58:53 IST" duration-ms="13621">
      <class name="DynamicWebTable">
        <test-method is-config="true" signature="setup()[pri:0, instance:DynamicWebTable@6631f5ca]" started-at="2022-06-30T02:58:40 IST" name="setup" finished-at="2022-06-30T02:58:50 IST" duration-ms="10353" status="PASS">
          <reporter-output>
          </reporter-output>
        </test-method> <!-- setup -->
        <test-method signature="FindFirstRow()[pri:0, instance:DynamicWebTable@6631f5ca]" started-at="2022-06-30T02:58:50 IST" name="FindFirstRow" finished-at="2022-06-30T02:58:50 IST" duration-ms="51" status="PASS">
          <reporter-output>
          </reporter-output>
        </test-method> <!-- FindFirstRow -->
        <test-method signature="GetAllTheValuesOfTable()[pri:0, instance:DynamicWebTable@6631f5ca]" started-at="2022-06-30T02:58:50 IST" name="GetAllTheValuesOfTable" finished-at="2022-06-30T02:58:52 IST" duration-ms="2491" status="PASS">
          <reporter-output>
          </reporter-output>
        </test-method> <!-- GetAllTheValuesOfTable -->
        <test-method signature="countRoWsAndColumn()[pri:0, instance:DynamicWebTable@6631f5ca]" started-at="2022-06-30T02:58:52 IST" name="countRoWsAndColumn" finished-at="2022-06-30T02:58:52 IST" duration-ms="53" status="PASS">
          <reporter-output>
          </reporter-output>
        </test-method> <!-- countRoWsAndColumn -->
        <test-method signature="getMaxCurrentPrice()[pri:0, instance:DynamicWebTable@6631f5ca]" started-at="2022-06-30T02:58:52 IST" name="getMaxCurrentPrice" finished-at="2022-06-30T02:58:53 IST" duration-ms="622" status="PASS">
          <reporter-output>
          </reporter-output>
        </test-method> <!-- getMaxCurrentPrice -->
      </class> <!-- DynamicWebTable -->
    </test> <!-- Default test -->
  </suite> <!-- Default suite -->
</testng-results>
