<?xml version="1.0" encoding="UTF-8"?>
<testng-results ignored="0" total="4" passed="4" failed="0" skipped="0">
  <reporter-output>
  </reporter-output>
  <suite started-at="2022-06-30T02:22:13 IST" name="Default suite" finished-at="2022-06-30T02:22:34 IST" duration-ms="21413">
    <groups>
    </groups>
    <test started-at="2022-06-30T02:22:13 IST" name="Default test" finished-at="2022-06-30T02:22:34 IST" duration-ms="21413">
      <class name="DynamicWebTable">
        <test-method is-config="true" signature="setup()[pri:0, instance:DynamicWebTable@6631f5ca]" started-at="2022-06-30T02:22:13 IST" name="setup" finished-at="2022-06-30T02:22:30 IST" duration-ms="17455" status="PASS">
          <reporter-output>
          </reporter-output>
        </test-method> <!-- setup -->
        <test-method signature="FindFirstRow()[pri:0, instance:DynamicWebTable@6631f5ca]" started-at="2022-06-30T02:22:30 IST" name="FindFirstRow" finished-at="2022-06-30T02:22:30 IST" duration-ms="59" status="PASS">
          <reporter-output>
          </reporter-output>
        </test-method> <!-- FindFirstRow -->
        <test-method signature="GetAllTheValuesOfTable()[pri:0, instance:DynamicWebTable@6631f5ca]" started-at="2022-06-30T02:22:30 IST" name="GetAllTheValuesOfTable" finished-at="2022-06-30T02:22:33 IST" duration-ms="2960" status="PASS">
          <reporter-output>
          </reporter-output>
        </test-method> <!-- GetAllTheValuesOfTable -->
        <test-method signature="countRoWsAndColumn()[pri:0, instance:DynamicWebTable@6631f5ca]" started-at="2022-06-30T02:22:33 IST" name="countRoWsAndColumn" finished-at="2022-06-30T02:22:33 IST" duration-ms="128" status="PASS">
          <reporter-output>
          </reporter-output>
        </test-method> <!-- countRoWsAndColumn -->
        <test-method signature="getMaxCurrentPrice()[pri:0, instance:DynamicWebTable@6631f5ca]" started-at="2022-06-30T02:22:33 IST" name="getMaxCurrentPrice" finished-at="2022-06-30T02:22:34 IST" duration-ms="740" status="PASS">
          <reporter-output>
          </reporter-output>
        </test-method> <!-- getMaxCurrentPrice -->
      </class> <!-- DynamicWebTable -->
    </test> <!-- Default test -->
  </suite> <!-- Default suite -->
</testng-results>
